#
# A fatal error has been detected by the Java Runtime Environment:
#
#  Internal Error (c:/BuildAgent/work/64e6ab55ab19e5a9/src/hotspot/share/runtime/vmThread.cpp:680), pid=11148, tid=9656
#  fatal error: Nested VM operation CollectForMetadataAllocation requested by operation ChangeBreakpoints
#
# JRE version: OpenJDK Runtime Environment (11.0.2+9) (build 11.0.2+9-b159.60)
# Java VM: OpenJDK 64-Bit Server VM (11.0.2+9-b159.60, mixed mode, sharing, tiered, compressed oops, g1 gc, windows-amd64)
# No core dump will be written. Minidumps are not enabled by default on client versions of Windows
#
# If you would like to submit a bug report, please visit:
#   http://bugreport.java.com/bugreport/crash.jsp
#

---------------  S U M M A R Y ------------

Command Line: -agentlib:jdwp=transport=dt_socket,address=127.0.0.1:59166,suspend=y,server=n -javaagent:C:\Users\Administrator\.IntelliJIdea2019.1\system\captureAgent\debugger-agent.jar -Dfile.encoding=UTF-8 com.miaoshaaproject.App

Host: Intel(R) Core(TM) i7-6700 CPU @ 3.40GHz, 8 cores, 3G,  Windows 7 , 64 bit Build 7601 (6.1.7601.24354)
Time: Sun Jul  7 19:58:24 2019 ?D1ú±ê×?ê±?? elapsed time: 3 seconds (0d 0h 0m 3s)

---------------  T H R E A D  ---------------

Current thread (0x000000001a407000):  VMThread "VM Thread" [stack: 0x000000001b610000,0x000000001b710000] [id=9656]

Stack: [0x000000001b610000,0x000000001b710000]
[error occurred during error reporting (printing stack bounds), id 0xc0000005, EXCEPTION_ACCESS_VIOLATION (0xc0000005) at pc=0x0000000005d30bad]

Native frames: (J=compiled Java code, j=interpreted, Vv=VM code, C=native code)
V  [jvm.dll+0x5da82a]
V  [jvm.dll+0x70b6c9]
V  [jvm.dll+0x70cbe8]
V  [jvm.dll+0x70d215]
V  [jvm.dll+0x70d1cb]
V  [jvm.dll+0x5d9fb8]
V  [jvm.dll+0x5da418]
C  [ntdll.dll+0x6bf7d]
C  [ntdll.dll+0x4043a]
C  [ntdll.dll+0x6b61e]
C  0x0000000005d30bad

VM_Operation (0x000000001ca6f760): ChangeBreakpoints, mode: safepoint, requested by thread 0x000000001c048800


---------------  P R O C E S S  ---------------

Threads class SMR info:
_java_thread_list=0x00000000205e48b0, length=18, elements={
0x00000000004e7000, 0x000000001a40a000, 0x000000001a40c800, 0x000000001b3d1800,
0x000000001b3d2800, 0x000000001b3d8000, 0x000000001b3df800, 0x000000001b3ec000,
0x000000001bf80800, 0x000000001bf9a800, 0x000000001c048800, 0x000000001c118000,
0x000000001c118800, 0x000000001c28f000, 0x000000001da16800, 0x0000000023660800,
0x0000000025bfd800, 0x0000000020737000
}

Java Threads: ( => current thread )
  0x00000000004e7000 JavaThread "main" [_thread_blocked, id=4336, stack(0x00000000021b0000,0x00000000022b0000)]
  0x000000001a40a000 JavaThread "Reference Handler" daemon [_thread_blocked, id=4956, stack(0x000000001b500000,0x000000001b600000)]
  0x000000001a40c800 JavaThread "Finalizer" daemon [_thread_blocked, id=3584, stack(0x000000001b720000,0x000000001b820000)]
  0x000000001b3d1800 JavaThread "Signal Dispatcher" daemon [_thread_blocked, id=3188, stack(0x000000001b8a0000,0x000000001b9a0000)]
  0x000000001b3d2800 JavaThread "Attach Listener" daemon [_thread_blocked, id=10860, stack(0x000000001a850000,0x000000001a950000)]
  0x000000001b3d8000 JavaThread "C2 CompilerThread0" daemon [_thread_blocked, id=9076, stack(0x000000001ba40000,0x000000001bb40000)]
  0x000000001b3df800 JavaThread "C1 CompilerThread0" daemon [_thread_blocked, id=9008, stack(0x000000001bc60000,0x000000001bd60000)]
  0x000000001b3ec000 JavaThread "Sweeper thread" daemon [_thread_blocked, id=6916, stack(0x000000001be70000,0x000000001bf70000)]
  0x000000001bf80800 JavaThread "Common-Cleaner" daemon [_thread_blocked, id=6676, stack(0x000000001c500000,0x000000001c600000)]
  0x000000001bf9a800 JavaThread "C2 CompilerThread1" daemon [_thread_blocked, id=5716, stack(0x000000001c620000,0x000000001c720000)]
  0x000000001c048800 JavaThread "JDWP Transport Listener: dt_socket" daemon [_thread_blocked, id=3528, stack(0x000000001c970000,0x000000001ca70000)]
  0x000000001c118000 JavaThread "JDWP Event Helper Thread" daemon [_thread_blocked, id=1824, stack(0x000000001bd70000,0x000000001be70000)]
  0x000000001c118800 JavaThread "JDWP Command Reader" daemon [_thread_in_native, id=7460, stack(0x000000001cb60000,0x000000001cc60000)]
  0x000000001c28f000 JavaThread "Service Thread" daemon [_thread_blocked, id=10236, stack(0x000000001c3d0000,0x000000001c4d0000)]
  0x000000001da16800 JavaThread "C2 CompilerThread2" daemon [_thread_in_native, id=9320, stack(0x000000001f160000,0x000000001f260000)]
  0x0000000023660800 JavaThread "Catalina-utility-1" [_thread_blocked, id=8008, stack(0x0000000021c90000,0x0000000021d90000)]
  0x0000000025bfd800 JavaThread "Catalina-utility-2" [_thread_blocked, id=7868, stack(0x000000001d740000,0x000000001d840000)]
  0x0000000020737000 JavaThread "container-0" [_thread_blocked, id=1892, stack(0x0000000026880000,0x0000000026980000)]

Other Threads:
=>0x000000001a407000 VMThread "VM Thread" [stack: 0x000000001b610000,0x000000001b710000] [id=9656]
  0x000000001c290000 WatcherThread [stack: 0x000000001d5d0000,0x000000001d6d0000] [id=2848]
  0x0000000000500800 GCTaskThread "GC Thread#0" [stack: 0x0000000014e40000,0x0000000014f40000] [id=9668]
  0x000000001d2fc000 GCTaskThread "GC Thread#1" [stack: 0x000000001bb50000,0x000000001bc50000] [id=9516]
  0x000000001d2fd000 GCTaskThread "GC Thread#2" [stack: 0x000000001e960000,0x000000001ea60000] [id=6436]
  0x000000001d2ca000 GCTaskThread "GC Thread#3" [stack: 0x000000001eaa0000,0x000000001eba0000] [id=7084]
  0x00000000216fb800 GCTaskThread "GC Thread#4" [stack: 0x0000000026ed0000,0x0000000026fd0000] [id=4856]
  0x00000000216fc800 GCTaskThread "GC Thread#5" [stack: 0x00000000270c0000,0x00000000271c0000] [id=1312]
  0x00000000216fd000 GCTaskThread "GC Thread#6" [stack: 0x000000001e860000,0x000000001e960000] [id=3628]
  0x00000000216fe000 GCTaskThread "GC Thread#7" [stack: 0x0000000027200000,0x0000000027300000] [id=6564]
  0x000000000051a000 ConcurrentGCThread "G1 Main Marker" [stack: 0x0000000017ca0000,0x0000000017da0000] [id=3400]
  0x000000000051d800 ConcurrentGCThread "G1 Conc#0" [stack: 0x0000000017ef0000,0x0000000017ff0000] [id=9428]
  0x000000001fe64800 ConcurrentGCThread "G1 Conc#1" [stack: 0x000000001ed70000,0x000000001ee70000] [id=7448]
  0x000000001a36b000 ConcurrentGCThread "G1 Refine#0" [stack: 0x000000001a750000,0x000000001a850000] [id=7076]
  0x000000001a36d000 ConcurrentGCThread "G1 Young RemSet Sampling" [stack: 0x000000001a9f0000,0x000000001aaf0000] [id=9472]

Threads with active compile tasks:
C2 CompilerThread04210       4       java.util.concurrent.ConcurrentMap::computeIfAbsent (51 bytes)
C2 CompilerThread14156   !   4       com.sun.org.apache.xml.internal.dtm.ref.dom2dtm.DOM2DTM::addNode (422 bytes)
C2 CompilerThread23890   !   4       org.springframework.core.annotation.AnnotatedElementUtils::searchWithFindSemantics (774 bytes)

VM state:at safepoint (normal execution)

VM Mutex/Monitor currently owned by a thread:  ([mutex/lock_event])
[0x00000000004e3c20] Threads_lock - owner thread: 0x000000001a407000

Heap address: 0x00000000c1000000, size: 1008 MB, Compressed Oops mode: 32-bit
Narrow klass base: 0x0000000800000000, Narrow klass shift: 3
Compressed class space size: 1073741824 Address: 0x0000000840000000

Heap:
 garbage-first heap   total 96256K, used 25450K [0x00000000c1000000, 0x0000000100000000)
  region size 1024K, 7 young (7168K), 1 survivors (1024K)
 Metaspace       used 34770K, capacity 35731K, committed 35920K, reserved 1081344K
  class space    used 4357K, capacity 4749K, committed 4864K, reserved 1048576K
Heap Regions: E=young(eden), S=young(survivor), O=old, HS=humongous(starts), HC=humongous(continues), CS=collection set, F=free, A=archive, TAMS=top-at-mark-start (previous, next)
|   0|0x00000000c1000000, 0x00000000c1100000, 0x00000000c1100000|100%| O|  |TAMS 0x00000000c1100000, 0x00000000c1000000| Untracked 
|   1|0x00000000c1100000, 0x00000000c1200000, 0x00000000c1200000|100%| O|  |TAMS 0x00000000c1200000, 0x00000000c1100000| Untracked 
|   2|0x00000000c1200000, 0x00000000c1300000, 0x00000000c1300000|100%| O|  |TAMS 0x00000000c1300000, 0x00000000c1200000| Untracked 
|   3|0x00000000c1300000, 0x00000000c1400000, 0x00000000c1400000|100%| O|  |TAMS 0x00000000c1400000, 0x00000000c1300000| Untracked 
|   4|0x00000000c1400000, 0x00000000c1500000, 0x00000000c1500000|100%| O|  |TAMS 0x00000000c1500000, 0x00000000c1400000| Untracked 
|   5|0x00000000c1500000, 0x00000000c1600000, 0x00000000c1600000|100%| O|  |TAMS 0x00000000c1600000, 0x00000000c1500000| Untracked 
|   6|0x00000000c1600000, 0x00000000c1700000, 0x00000000c1700000|100%| O|  |TAMS 0x00000000c16d2400, 0x00000000c1600000| Untracked 
|   7|0x00000000c1700000, 0x00000000c1800000, 0x00000000c1800000|100%| O|  |TAMS 0x00000000c1700000, 0x00000000c1700000| Untracked 
|   8|0x00000000c1800000, 0x00000000c1900000, 0x00000000c1900000|100%| O|  |TAMS 0x00000000c1800000, 0x00000000c1800000| Untracked 
|   9|0x00000000c1900000, 0x00000000c1a00000, 0x00000000c1a00000|100%| O|  |TAMS 0x00000000c1900000, 0x00000000c1900000| Untracked 
|  10|0x00000000c1a00000, 0x00000000c1b00000, 0x00000000c1b00000|100%| O|  |TAMS 0x00000000c1a00000, 0x00000000c1a00000| Untracked 
|  11|0x00000000c1b00000, 0x00000000c1c00000, 0x00000000c1c00000|100%| O|  |TAMS 0x00000000c1b00000, 0x00000000c1b00000| Untracked 
|  12|0x00000000c1c00000, 0x00000000c1d00000, 0x00000000c1d00000|100%| O|  |TAMS 0x00000000c1c00000, 0x00000000c1c00000| Untracked 
|  13|0x00000000c1d00000, 0x00000000c1e00000, 0x00000000c1e00000|100%| O|  |TAMS 0x00000000c1d00000, 0x00000000c1d00000| Untracked 
|  14|0x00000000c1e00000, 0x00000000c1f00000, 0x00000000c1f00000|100%| O|  |TAMS 0x00000000c1e00000, 0x00000000c1e00000| Untracked 
|  15|0x00000000c1f00000, 0x00000000c2000000, 0x00000000c2000000|100%| O|  |TAMS 0x00000000c1f00000, 0x00000000c1f00000| Untracked 
|  16|0x00000000c2000000, 0x00000000c2100000, 0x00000000c2100000|100%| O|  |TAMS 0x00000000c2000000, 0x00000000c2000000| Untracked 
|  17|0x00000000c2100000, 0x00000000c2200000, 0x00000000c2200000|100%| O|  |TAMS 0x00000000c2100000, 0x00000000c2100000| Untracked 
|  18|0x00000000c2200000, 0x00000000c22e6200, 0x00000000c2300000| 89%| O|  |TAMS 0x00000000c2200000, 0x00000000c2200000| Untracked 
|  19|0x00000000c2300000, 0x00000000c2300000, 0x00000000c2400000|  0%| F|  |TAMS 0x00000000c2300000, 0x00000000c2300000| Untracked 
|  20|0x00000000c2400000, 0x00000000c2400000, 0x00000000c2500000|  0%| F|  |TAMS 0x00000000c2400000, 0x00000000c2400000| Untracked 
|  21|0x00000000c2500000, 0x00000000c2500000, 0x00000000c2600000|  0%| F|  |TAMS 0x00000000c2500000, 0x00000000c2500000| Untracked 
|  22|0x00000000c2600000, 0x00000000c2600000, 0x00000000c2700000|  0%| F|  |TAMS 0x00000000c2600000, 0x00000000c2600000| Untracked 
|  23|0x00000000c2700000, 0x00000000c2700000, 0x00000000c2800000|  0%| F|  |TAMS 0x00000000c2700000, 0x00000000c2700000| Untracked 
|  24|0x00000000c2800000, 0x00000000c2800000, 0x00000000c2900000|  0%| F|  |TAMS 0x00000000c2800000, 0x00000000c2800000| Untracked 
|  25|0x00000000c2900000, 0x00000000c2900000, 0x00000000c2a00000|  0%| F|  |TAMS 0x00000000c2900000, 0x00000000c2900000| Untracked 
|  26|0x00000000c2a00000, 0x00000000c2a00000, 0x00000000c2b00000|  0%| F|  |TAMS 0x00000000c2a00000, 0x00000000c2a00000| Untracked 
|  27|0x00000000c2b00000, 0x00000000c2b00000, 0x00000000c2c00000|  0%| F|  |TAMS 0x00000000c2b00000, 0x00000000c2b00000| Untracked 
|  28|0x00000000c2c00000, 0x00000000c2c00000, 0x00000000c2d00000|  0%| F|  |TAMS 0x00000000c2c00000, 0x00000000c2c00000| Untracked 
|  29|0x00000000c2d00000, 0x00000000c2d00000, 0x00000000c2e00000|  0%| F|  |TAMS 0x00000000c2d00000, 0x00000000c2d00000| Untracked 
|  30|0x00000000c2e00000, 0x00000000c2e00000, 0x00000000c2f00000|  0%| F|  |TAMS 0x00000000c2e00000, 0x00000000c2e00000| Untracked 
|  31|0x00000000c2f00000, 0x00000000c2f00000, 0x00000000c3000000|  0%| F|  |TAMS 0x00000000c2f00000, 0x00000000c2f00000| Untracked 
|  32|0x00000000c3000000, 0x00000000c3000000, 0x00000000c3100000|  0%| F|  |TAMS 0x00000000c3000000, 0x00000000c3000000| Untracked 
|  33|0x00000000c3100000, 0x00000000c3100000, 0x00000000c3200000|  0%| F|  |TAMS 0x00000000c3100000, 0x00000000c3100000| Untracked 
|  34|0x00000000c3200000, 0x00000000c3200000, 0x00000000c3300000|  0%| F|  |TAMS 0x00000000c3200000, 0x00000000c3200000| Untracked 
|  35|0x00000000c3300000, 0x00000000c3300000, 0x00000000c3400000|  0%| F|  |TAMS 0x00000000c3300000, 0x00000000c3300000| Untracked 
|  36|0x00000000c3400000, 0x00000000c3400000, 0x00000000c3500000|  0%| F|  |TAMS 0x00000000c3400000, 0x00000000c3400000| Untracked 
|  37|0x00000000c3500000, 0x00000000c3500000, 0x00000000c3600000|  0%| F|  |TAMS 0x00000000c3500000, 0x00000000c3500000| Untracked 
|  38|0x00000000c3600000, 0x00000000c3600000, 0x00000000c3700000|  0%| F|  |TAMS 0x00000000c3600000, 0x00000000c3600000| Untracked 
|  39|0x00000000c3700000, 0x00000000c3700000, 0x00000000c3800000|  0%| F|  |TAMS 0x00000000c3700000, 0x00000000c3700000| Untracked 
|  40|0x00000000c3800000, 0x00000000c3800000, 0x00000000c3900000|  0%| F|  |TAMS 0x00000000c3800000, 0x00000000c3800000| Untracked 
|  41|0x00000000c3900000, 0x00000000c3900000, 0x00000000c3a00000|  0%| F|  |TAMS 0x00000000c3900000, 0x00000000c3900000| Untracked 
|  42|0x00000000c3a00000, 0x00000000c3a00000, 0x00000000c3b00000|  0%| F|  |TAMS 0x00000000c3a00000, 0x00000000c3a00000| Untracked 
|  43|0x00000000c3b00000, 0x00000000c3bf49e0, 0x00000000c3c00000| 95%| S|CS|TAMS 0x00000000c3b00000, 0x00000000c3b00000| Complete 
|  44|0x00000000c3c00000, 0x00000000c3c00000, 0x00000000c3d00000|  0%| F|  |TAMS 0x00000000c3c00000, 0x00000000c3c00000| Untracked 
|  45|0x00000000c3d00000, 0x00000000c3d00000, 0x00000000c3e00000|  0%| F|  |TAMS 0x00000000c3d00000, 0x00000000c3d00000| Untracked 
|  46|0x00000000c3e00000, 0x00000000c3e00000, 0x00000000c3f00000|  0%| F|  |TAMS 0x00000000c3e00000, 0x00000000c3e00000| Untracked 
|  47|0x00000000c3f00000, 0x00000000c3f00000, 0x00000000c4000000|  0%| F|  |TAMS 0x00000000c3f00000, 0x00000000c3f00000| Untracked 
|  48|0x00000000c4000000, 0x00000000c4000000, 0x00000000c4100000|  0%| F|  |TAMS 0x00000000c4000000, 0x00000000c4000000| Untracked 
|  49|0x00000000c4100000, 0x00000000c4100000, 0x00000000c4200000|  0%| F|  |TAMS 0x00000000c4100000, 0x00000000c4100000| Untracked 
|  50|0x00000000c4200000, 0x00000000c4200000, 0x00000000c4300000|  0%| F|  |TAMS 0x00000000c4200000, 0x00000000c4200000| Untracked 
|  51|0x00000000c4300000, 0x00000000c4300000, 0x00000000c4400000|  0%| F|  |TAMS 0x00000000c4300000, 0x00000000c4300000| Untracked 
|  52|0x00000000c4400000, 0x00000000c4400000, 0x00000000c4500000|  0%| F|  |TAMS 0x00000000c4400000, 0x00000000c4400000| Untracked 
|  53|0x00000000c4500000, 0x00000000c4500000, 0x00000000c4600000|  0%| F|  |TAMS 0x00000000c4500000, 0x00000000c4500000| Untracked 
|  54|0x00000000c4600000, 0x00000000c4600000, 0x00000000c4700000|  0%| F|  |TAMS 0x00000000c4600000, 0x00000000c4600000| Untracked 
|  55|0x00000000c4700000, 0x00000000c4700000, 0x00000000c4800000|  0%| F|  |TAMS 0x00000000c4700000, 0x00000000c4700000| Untracked 
|  56|0x00000000c4800000, 0x00000000c4800000, 0x00000000c4900000|  0%| F|  |TAMS 0x00000000c4800000, 0x00000000c4800000| Untracked 
|  57|0x00000000c4900000, 0x00000000c4900000, 0x00000000c4a00000|  0%| F|  |TAMS 0x00000000c4900000, 0x00000000c4900000| Untracked 
|  58|0x00000000c4a00000, 0x00000000c4a00000, 0x00000000c4b00000|  0%| F|  |TAMS 0x00000000c4a00000, 0x00000000c4a00000| Untracked 
|  59|0x00000000c4b00000, 0x00000000c4b00000, 0x00000000c4c00000|  0%| F|  |TAMS 0x00000000c4b00000, 0x00000000c4b00000| Untracked 
|  60|0x00000000c4c00000, 0x00000000c4c00000, 0x00000000c4d00000|  0%| F|  |TAMS 0x00000000c4c00000, 0x00000000c4c00000| Untracked 
|  61|0x00000000c4d00000, 0x00000000c4d00000, 0x00000000c4e00000|  0%| F|  |TAMS 0x00000000c4d00000, 0x00000000c4d00000| Untracked 
|  62|0x00000000c4e00000, 0x00000000c4e00000, 0x00000000c4f00000|  0%| F|  |TAMS 0x00000000c4e00000, 0x00000000c4e00000| Untracked 
|  63|0x00000000c4f00000, 0x00000000c4f00000, 0x00000000c5000000|  0%| F|  |TAMS 0x00000000c4f00000, 0x00000000c4f00000| Untracked 
|  64|0x00000000c5000000, 0x00000000c5000000, 0x00000000c5100000|  0%| F|  |TAMS 0x00000000c5000000, 0x00000000c5000000| Untracked 
|  65|0x00000000c5100000, 0x00000000c5100000, 0x00000000c5200000|  0%| F|  |TAMS 0x00000000c5100000, 0x00000000c5100000| Untracked 
|  66|0x00000000c5200000, 0x00000000c5200000, 0x00000000c5300000|  0%| F|  |TAMS 0x00000000c5200000, 0x00000000c5200000| Untracked 
|  67|0x00000000c5300000, 0x00000000c5300000, 0x00000000c5400000|  0%| F|  |TAMS 0x00000000c5300000, 0x00000000c5300000| Untracked 
|  68|0x00000000c5400000, 0x00000000c5400000, 0x00000000c5500000|  0%| F|  |TAMS 0x00000000c5400000, 0x00000000c5400000| Untracked 
|  69|0x00000000c5500000, 0x00000000c5500000, 0x00000000c5600000|  0%| F|  |TAMS 0x00000000c5500000, 0x00000000c5500000| Untracked 
|  70|0x00000000c5600000, 0x00000000c5600000, 0x00000000c5700000|  0%| F|  |TAMS 0x00000000c5600000, 0x00000000c5600000| Untracked 
|  71|0x00000000c5700000, 0x00000000c5700000, 0x00000000c5800000|  0%| F|  |TAMS 0x00000000c5700000, 0x00000000c5700000| Untracked 
|  72|0x00000000c5800000, 0x00000000c5800000, 0x00000000c5900000|  0%| F|  |TAMS 0x00000000c5800000, 0x00000000c5800000| Untracked 
|  73|0x00000000c5900000, 0x00000000c5900000, 0x00000000c5a00000|  0%| F|  |TAMS 0x00000000c5900000, 0x00000000c5900000| Untracked 
|  74|0x00000000c5a00000, 0x00000000c5a00000, 0x00000000c5b00000|  0%| F|  |TAMS 0x00000000c5a00000, 0x00000000c5a00000| Untracked 
|  75|0x00000000c5b00000, 0x00000000c5b00000, 0x00000000c5c00000|  0%| F|  |TAMS 0x00000000c5b00000, 0x00000000c5b00000| Untracked 
|  76|0x00000000c5c00000, 0x00000000c5c00000, 0x00000000c5d00000|  0%| F|  |TAMS 0x00000000c5c00000, 0x00000000c5c00000| Untracked 
|  77|0x00000000c5d00000, 0x00000000c5d00000, 0x00000000c5e00000|  0%| F|  |TAMS 0x00000000c5d00000, 0x00000000c5d00000| Untracked 
|  78|0x00000000c5e00000, 0x00000000c5e00000, 0x00000000c5f00000|  0%| F|  |TAMS 0x00000000c5e00000, 0x00000000c5e00000| Untracked 
|  79|0x00000000c5f00000, 0x00000000c5f00000, 0x00000000c6000000|  0%| F|  |TAMS 0x00000000c5f00000, 0x00000000c5f00000| Untracked 
|  80|0x00000000c6000000, 0x00000000c6000000, 0x00000000c6100000|  0%| F|  |TAMS 0x00000000c6000000, 0x00000000c6000000| Untracked 
|  81|0x00000000c6100000, 0x00000000c6100000, 0x00000000c6200000|  0%| F|  |TAMS 0x00000000c6100000, 0x00000000c6100000| Untracked 
|  82|0x00000000c6200000, 0x00000000c6200000, 0x00000000c6300000|  0%| F|  |TAMS 0x00000000c6200000, 0x00000000c6200000| Untracked 
|  83|0x00000000c6300000, 0x00000000c6300000, 0x00000000c6400000|  0%| F|  |TAMS 0x00000000c6300000, 0x00000000c6300000| Untracked 
|  84|0x00000000c6400000, 0x00000000c6400000, 0x00000000c6500000|  0%| F|  |TAMS 0x00000000c6400000, 0x00000000c6400000| Untracked 
|  85|0x00000000c6500000, 0x00000000c6500000, 0x00000000c6600000|  0%| F|  |TAMS 0x00000000c6500000, 0x00000000c6500000| Untracked 
|  86|0x00000000c6600000, 0x00000000c6600000, 0x00000000c6700000|  0%| F|  |TAMS 0x00000000c6600000, 0x00000000c6600000| Untracked 
|  87|0x00000000c6700000, 0x00000000c6700000, 0x00000000c6800000|  0%| F|  |TAMS 0x00000000c6700000, 0x00000000c6700000| Untracked 
|  88|0x00000000c6800000, 0x00000000c6880800, 0x00000000c6900000| 50%| E|  |TAMS 0x00000000c6800000, 0x00000000c6800000| Complete 
|  89|0x00000000c6900000, 0x00000000c6a00000, 0x00000000c6a00000|100%| E|CS|TAMS 0x00000000c6900000, 0x00000000c6900000| Complete 
|  90|0x00000000c6a00000, 0x00000000c6b00000, 0x00000000c6b00000|100%| E|CS|TAMS 0x00000000c6a00000, 0x00000000c6a00000| Complete 
|  91|0x00000000c6b00000, 0x00000000c6c00000, 0x00000000c6c00000|100%| E|CS|TAMS 0x00000000c6b00000, 0x00000000c6b00000| Complete 
|  92|0x00000000c6c00000, 0x00000000c6d00000, 0x00000000c6d00000|100%| E|CS|TAMS 0x00000000c6c00000, 0x00000000c6c00000| Complete 
|  93|0x00000000c6d00000, 0x00000000c6e00000, 0x00000000c6e00000|100%| E|CS|TAMS 0x00000000c6d00000, 0x00000000c6d00000| Complete 

Card table byte_map: [0x00000000157a0000,0x00000000159a0000] _byte_map_base: 0x0000000015198000

Marking Bits (Prev, Next): (CMBitMap*) 0x0000000000515690, (CMBitMap*) 0x0000000000515658
 Prev Bits: [0x0000000016b60000, 0x0000000017b20000)
 Next Bits: [0x0000000015ba0000, 0x0000000016b60000)

Polling page: 0x0000000000130000

Metaspace:

Usage:
  Non-class:     30.26 MB capacity,    29.70 MB ( 98%) used,   462.06 KB (  1%) free+waste,   107.69 KB ( <1%) overhead. 
      Class:      4.64 MB capacity,     4.26 MB ( 92%) used,   339.80 KB (  7%) free+waste,    51.25 KB (  1%) overhead. 
       Both:     34.89 MB capacity,    33.96 MB ( 97%) used,   801.87 KB (  2%) free+waste,   158.94 KB ( <1%) overhead. 

Virtual space:
  Non-class space:       32.00 MB reserved,      30.33 MB ( 95%) committed 
      Class space:        1.00 GB reserved,       4.75 MB ( <1%) committed 
             Both:        1.03 GB reserved,      35.08 MB (  3%) committed 

Chunk freelists:
   Non-Class:  5.25 KB
       Class:  2.38 KB
        Both:  7.63 KB

CodeHeap 'non-profiled nmethods': size=120000Kb used=2406Kb max_used=2406Kb free=117593Kb
 bounds [0x000000000d800000, 0x000000000da70000, 0x0000000014d30000]
CodeHeap 'profiled nmethods': size=120000Kb used=11037Kb max_used=11037Kb free=108962Kb
 bounds [0x00000000062d0000, 0x0000000006da0000, 0x000000000d800000]
CodeHeap 'non-nmethods': size=5760Kb used=1268Kb max_used=1331Kb free=4491Kb
 bounds [0x0000000005d30000, 0x0000000005fa0000, 0x00000000062d0000]
 total_blobs=5639 nmethods=4184 adapters=443
 compilation: enabled
              stopped_count=0, restarted_count=0
 full_count=0

Compilation events (10 events):
Event: 3.712 Thread 0x000000001b3df800 4203       3       java.lang.reflect.ProxyGenerator$FieldInfo::<init> (44 bytes)
Event: 3.714 Thread 0x000000001b3df800 nmethod 4203 0x0000000006d93410 code [0x0000000006d93640, 0x0000000006d93d00]
Event: 3.714 Thread 0x000000001b3df800 4205       3       java.lang.reflect.ProxyGenerator::getMethodDescriptor (38 bytes)
Event: 3.715 Thread 0x000000001b3df800 nmethod 4205 0x0000000006d93f90 code [0x0000000006d94200, 0x0000000006d94ab0]
Event: 3.715 Thread 0x000000001b3df800 4206       3       java.lang.reflect.ProxyGenerator$ConstantPool::getInterfaceMethodRef (33 bytes)
Event: 3.717 Thread 0x000000001b3df800 nmethod 4206 0x0000000006d94d90 code [0x0000000006d95060, 0x0000000006d95df0]
Event: 3.717 Thread 0x000000001b3df800 4202   !   3       java.lang.reflect.Proxy$ProxyBuilder::ensureVisible (53 bytes)
Event: 3.718 Thread 0x000000001b3df800 nmethod 4202 0x0000000006d96410 code [0x0000000006d966c0, 0x0000000006d972d0]
Event: 3.719 Thread 0x000000001b3d8000 nmethod 4192 0x000000000da59190 code [0x000000000da59360, 0x000000000da59810]
Event: 3.719 Thread 0x000000001b3d8000 4210       4       java.util.concurrent.ConcurrentMap::computeIfAbsent (51 bytes)

GC Heap History (10 events):
Event: 1.781 GC heap before
{Heap before GC invocations=4 (full 0):
 garbage-first heap   total 65536K, used 14141K [0x00000000c1000000, 0x0000000100000000)
  region size 1024K, 10 young (10240K), 4 survivors (4096K)
 Metaspace       used 20575K, capacity 21202K, committed 21296K, reserved 1067008K
  class space    used 2651K, capacity 2914K, committed 2944K, reserved 1048576K
}
Event: 1.790 GC heap after
{Heap after GC invocations=5 (full 0):
 garbage-first heap   total 78848K, used 9655K [0x00000000c1000000, 0x0000000100000000)
  region size 1024K, 3 young (3072K), 3 survivors (3072K)
 Metaspace       used 20575K, capacity 21202K, committed 21296K, reserved 1067008K
  class space    used 2651K, capacity 2914K, committed 2944K, reserved 1048576K
}
Event: 2.408 GC heap before
{Heap before GC invocations=6 (full 0):
 garbage-first heap   total 78848K, used 44471K [0x00000000c1000000, 0x0000000100000000)
  region size 1024K, 37 young (37888K), 3 survivors (3072K)
 Metaspace       used 24116K, capacity 24801K, committed 25008K, reserved 1071104K
  class space    used 3062K, capacity 3314K, committed 3328K, reserved 1048576K
}
Event: 2.414 GC heap after
{Heap after GC invocations=7 (full 0):
 garbage-first heap   total 78848K, used 11580K [0x00000000c1000000, 0x0000000100000000)
  region size 1024K, 5 young (5120K), 5 survivors (5120K)
 Metaspace       used 24116K, capacity 24801K, committed 25008K, reserved 1071104K
  class space    used 3062K, capacity 3314K, committed 3328K, reserved 1048576K
}
Event: 2.977 GC heap before
{Heap before GC invocations=7 (full 0):
 garbage-first heap   total 78848K, used 46396K [0x00000000c1000000, 0x0000000100000000)
  region size 1024K, 40 young (40960K), 5 survivors (5120K)
 Metaspace       used 28172K, capacity 29042K, committed 29232K, reserved 1075200K
  class space    used 3593K, capacity 3958K, committed 3968K, reserved 1048576K
}
Event: 2.991 GC heap after
{Heap after GC invocations=8 (full 0):
 garbage-first heap   total 78848K, used 15426K [0x00000000c1000000, 0x0000000100000000)
  region size 1024K, 5 young (5120K), 5 survivors (5120K)
 Metaspace       used 28172K, capacity 29042K, committed 29232K, reserved 1075200K
  class space    used 3593K, capacity 3958K, committed 3968K, reserved 1048576K
}
Event: 3.439 GC heap before
{Heap before GC invocations=8 (full 0):
 garbage-first heap   total 78848K, used 49218K [0x00000000c1000000, 0x0000000100000000)
  region size 1024K, 39 young (39936K), 5 survivors (5120K)
 Metaspace       used 32079K, capacity 33005K, committed 33072K, reserved 1077248K
  class space    used 4022K, capacity 4420K, committed 4480K, reserved 1048576K
}
Event: 3.449 GC heap after
{Heap after GC invocations=9 (full 0):
 garbage-first heap   total 78848K, used 19551K [0x00000000c1000000, 0x0000000100000000)
  region size 1024K, 4 young (4096K), 4 survivors (4096K)
 Metaspace       used 32079K, capacity 33005K, committed 33072K, reserved 1077248K
  class space    used 4022K, capacity 4420K, committed 4480K, reserved 1048576K
}
Event: 3.663 GC heap before
{Heap before GC invocations=9 (full 0):
 garbage-first heap   total 78848K, used 53343K [0x00000000c1000000, 0x0000000100000000)
  region size 1024K, 37 young (37888K), 4 survivors (4096K)
 Metaspace       used 34648K, capacity 35667K, committed 35920K, reserved 1081344K
  class space    used 4347K, capacity 4749K, committed 4864K, reserved 1048576K
}
Event: 3.673 GC heap after
{Heap after GC invocations=10 (full 0):
 garbage-first heap   total 96256K, used 20330K [0x00000000c1000000, 0x0000000100000000)
  region size 1024K, 1 young (1024K), 1 survivors (1024K)
 Metaspace       used 34648K, capacity 35667K, committed 35920K, reserved 1081344K
  class space    used 4347K, capacity 4749K, committed 4864K, reserved 1048576K
}

Deoptimization events (10 events):
Event: 3.380 Thread 0x00000000004e7000 Uncommon trap: reason=class_check action=maybe_recompile pc=0x000000000da1c5ec method=java.lang.reflect.Array.newInstance(Ljava/lang/Class;I)Ljava/lang/Object; @ 2 c2
Event: 3.380 Thread 0x00000000004e7000 Uncommon trap: reason=class_check action=maybe_recompile pc=0x000000000da1c5ec method=java.lang.reflect.Array.newInstance(Ljava/lang/Class;I)Ljava/lang/Object; @ 2 c2
Event: 3.398 Thread 0x00000000004e7000 Uncommon trap: reason=unstable_if action=reinterpret pc=0x000000000da15540 method=org.springframework.beans.factory.support.AbstractBeanFactory.isTypeMatch(Ljava/lang/String;Lorg/springframework/core/ResolvableType;)Z @ 452 c2
Event: 3.403 Thread 0x00000000004e7000 Uncommon trap: reason=unstable_if action=reinterpret pc=0x000000000d98b7a4 method=org.springframework.beans.factory.support.DefaultSingletonBeanRegistry.getSingleton(Ljava/lang/String;Z)Ljava/lang/Object; @ 47 c2
Event: 3.497 Thread 0x00000000004e7000 Uncommon trap: reason=unstable_if action=reinterpret pc=0x000000000d9c8e00 method=com.sun.org.apache.xerces.internal.utils.XMLSecurityManager.isOverLimit(ILcom/sun/org/apache/xerces/internal/utils/XMLLimitAnalyzer;)Z @ 28 c2
Event: 3.497 Thread 0x00000000004e7000 Uncommon trap: reason=unstable_if action=reinterpret pc=0x000000000d8ef040 method=com.sun.org.apache.xerces.internal.impl.XMLEntityScanner.skipSpaces()Z @ 72 c2
Event: 3.500 Thread 0x00000000004e7000 Uncommon trap: reason=unstable_if action=reinterpret pc=0x000000000d9ccb04 method=com.sun.org.apache.xerces.internal.util.SymbolTable.addSymbol([CII)Ljava/lang/String; @ 64 c2
Event: 3.500 Thread 0x00000000004e7000 Uncommon trap: reason=unstable_if action=reinterpret pc=0x000000000d8f8f18 method=com.sun.org.apache.xerces.internal.util.SymbolTable.addSymbol([CII)Ljava/lang/String; @ 64 c2
Event: 3.600 Thread 0x00000000004e7000 Uncommon trap: reason=unstable_if action=reinterpret pc=0x000000000d9ca0f4 method=com.sun.org.apache.xerces.internal.impl.io.UTF8Reader.read([CII)I @ 131 c2
Event: 3.696 Thread 0x00000000004e7000 Uncommon trap: reason=unstable_if action=reinterpret pc=0x000000000d992584 method=java.util.concurrent.ConcurrentHashMap.putVal(Ljava/lang/Object;Ljava/lang/Object;Z)Ljava/lang/Object; @ 402 c2

Classes redefined (0 events):
No events

Internal exceptions (10 events):
Event: 3.389 Thread 0x00000000004e7000 Exception <a 'java/lang/NullPointerException'{0x00000000c3fca4d8}> (0x00000000c3fca4d8) thrown at [c:/BuildAgent/work/64e6ab55ab19e5a9/src/hotspot/share/runtime/sharedRuntime.cpp, line 584]
Event: 3.389 Thread 0x00000000004e7000 Implicit null exception at 0x0000000006c7f035 to 0x0000000006c7f60a
Event: 3.389 Thread 0x00000000004e7000 Exception <a 'java/lang/NullPointerException'{0x00000000c3fcb7a0}> (0x00000000c3fcb7a0) thrown at [c:/BuildAgent/work/64e6ab55ab19e5a9/src/hotspot/share/runtime/sharedRuntime.cpp, line 584]
Event: 3.389 Thread 0x00000000004e7000 Implicit null exception at 0x0000000006c7f035 to 0x0000000006c7f60a
Event: 3.389 Thread 0x00000000004e7000 Exception <a 'java/lang/NullPointerException'{0x00000000c3fcca58}> (0x00000000c3fcca58) thrown at [c:/BuildAgent/work/64e6ab55ab19e5a9/src/hotspot/share/runtime/sharedRuntime.cpp, line 584]
Event: 3.389 Thread 0x00000000004e7000 Implicit null exception at 0x0000000006c7f035 to 0x0000000006c7f60a
Event: 3.389 Thread 0x00000000004e7000 Exception <a 'java/lang/NullPointerException'{0x00000000c3fcdba0}> (0x00000000c3fcdba0) thrown at [c:/BuildAgent/work/64e6ab55ab19e5a9/src/hotspot/share/runtime/sharedRuntime.cpp, line 584]
Event: 3.389 Thread 0x00000000004e7000 Implicit null exception at 0x0000000006c7f035 to 0x0000000006c7f60a
Event: 3.389 Thread 0x00000000004e7000 Exception <a 'java/lang/NullPointerException'{0x00000000c3fced18}> (0x00000000c3fced18) thrown at [c:/BuildAgent/work/64e6ab55ab19e5a9/src/hotspot/share/runtime/sharedRuntime.cpp, line 584]
Event: 3.414 Thread 0x00000000004e7000 Exception <a 'java/lang/NoSuchMethodError'{0x00000000c3c2ff90}: org.slf4j.impl.StaticMarkerBinder.getSingleton()Lorg/slf4j/impl/StaticMarkerBinder;> (0x00000000c3c2ff90) thrown at [c:/BuildAgent/work/64e6ab55ab19e5a9/src/hotspot/share/interpreter/linkReso

Events (10 events):
Event: 3.715 Executing VM operation: ChangeBreakpoints done
Event: 3.716 Executing VM operation: ChangeBreakpoints
Event: 3.717 Executing VM operation: ChangeBreakpoints done
Event: 3.717 Executing VM operation: ChangeBreakpoints
Event: 3.718 Executing VM operation: ChangeBreakpoints done
Event: 3.719 Executing VM operation: ChangeBreakpoints
Event: 3.720 Executing VM operation: ChangeBreakpoints done
Event: 3.720 Executing VM operation: ChangeBreakpoints
Event: 3.721 Executing VM operation: ChangeBreakpoints done
Event: 3.722 Executing VM operation: ChangeBreakpoints


Dynamic libraries:
0x000000013f670000 - 0x000000013f6b7000 	F:\IDEA\IntelliJ IDEA 2019.1.3\jre64\bin\java.exe
0x0000000077340000 - 0x00000000774df000 	C:\Windows\SYSTEM32\ntdll.dll
0x0000000077220000 - 0x000000007733f000 	C:\Windows\system32\kernel32.dll
0x000007fefceb0000 - 0x000007fefcf1a000 	C:\Windows\system32\KERNELBASE.dll
0x0000000077120000 - 0x000000007721a000 	C:\Windows\system32\USER32.dll
0x000007fefd640000 - 0x000007fefd6a7000 	C:\Windows\system32\GDI32.dll
0x000007fefef30000 - 0x000007fefef3e000 	C:\Windows\system32\LPK.dll
0x000007fefd570000 - 0x000007fefd63b000 	C:\Windows\system32\USP10.dll
0x000007feff050000 - 0x000007feff0ef000 	C:\Windows\system32\msvcrt.dll
0x000007fefb460000 - 0x000007fefb654000 	C:\Windows\WinSxS\amd64_microsoft.windows.common-controls_6595b64144ccf1df_6.0.7601.18837_none_fa3b1e3d17594757\COMCTL32.dll
0x000007feff0f0000 - 0x000007feff161000 	C:\Windows\system32\SHLWAPI.dll
0x000007fefef40000 - 0x000007fefef6e000 	C:\Windows\system32\IMM32.DLL
0x000007fefd380000 - 0x000007fefd489000 	C:\Windows\system32\MSCTF.dll
0x000007fefae10000 - 0x000007fefae13000 	C:\Windows\system32\api-ms-win-core-synch-l1-2-0.DLL
0x000007fef9040000 - 0x000007fef9057000 	F:\IDEA\IntelliJ IDEA 2019.1.3\jre64\bin\vcruntime140.dll
0x000007fef93d0000 - 0x000007fef93d4000 	F:\IDEA\IntelliJ IDEA 2019.1.3\jre64\bin\api-ms-win-crt-runtime-l1-1-0.dll
0x000007feeb9b0000 - 0x000007feebaaa000 	F:\IDEA\IntelliJ IDEA 2019.1.3\jre64\bin\ucrtbase.DLL
0x000007fef9600000 - 0x000007fef9603000 	F:\IDEA\IntelliJ IDEA 2019.1.3\jre64\bin\api-ms-win-core-localization-l1-2-0.dll
0x000007fef95f0000 - 0x000007fef95f3000 	F:\IDEA\IntelliJ IDEA 2019.1.3\jre64\bin\api-ms-win-core-processthreads-l1-1-1.dll
0x000007fef90a0000 - 0x000007fef90a3000 	F:\IDEA\IntelliJ IDEA 2019.1.3\jre64\bin\api-ms-win-core-file-l1-2-0.dll
0x000007fef9090000 - 0x000007fef9093000 	F:\IDEA\IntelliJ IDEA 2019.1.3\jre64\bin\api-ms-win-core-timezone-l1-1-0.dll
0x000007fef9080000 - 0x000007fef9083000 	F:\IDEA\IntelliJ IDEA 2019.1.3\jre64\bin\api-ms-win-core-file-l2-1-0.dll
0x000007fefa9c0000 - 0x000007fefa9c4000 	F:\IDEA\IntelliJ IDEA 2019.1.3\jre64\bin\api-ms-win-crt-string-l1-1-0.dll
0x000007fef93c0000 - 0x000007fef93c3000 	F:\IDEA\IntelliJ IDEA 2019.1.3\jre64\bin\api-ms-win-crt-heap-l1-1-0.dll
0x000007fef9070000 - 0x000007fef9074000 	F:\IDEA\IntelliJ IDEA 2019.1.3\jre64\bin\api-ms-win-crt-stdio-l1-1-0.dll
0x000007fef4570000 - 0x000007fef4574000 	F:\IDEA\IntelliJ IDEA 2019.1.3\jre64\bin\api-ms-win-crt-convert-l1-1-0.dll
0x000007feecf20000 - 0x000007feecfbd000 	F:\IDEA\IntelliJ IDEA 2019.1.3\jre64\bin\msvcp140.dll
0x000007fef3b40000 - 0x000007fef3b43000 	F:\IDEA\IntelliJ IDEA 2019.1.3\jre64\bin\api-ms-win-crt-locale-l1-1-0.dll
0x000007fef4560000 - 0x000007fef4565000 	F:\IDEA\IntelliJ IDEA 2019.1.3\jre64\bin\api-ms-win-crt-math-l1-1-0.dll
0x000007fef0ee0000 - 0x000007fef0ee5000 	F:\IDEA\IntelliJ IDEA 2019.1.3\jre64\bin\api-ms-win-crt-multibyte-l1-1-0.dll
0x000007fef3c70000 - 0x000007fef3c73000 	F:\IDEA\IntelliJ IDEA 2019.1.3\jre64\bin\api-ms-win-crt-time-l1-1-0.dll
0x000007fef3c60000 - 0x000007fef3c63000 	F:\IDEA\IntelliJ IDEA 2019.1.3\jre64\bin\api-ms-win-crt-filesystem-l1-1-0.dll
0x000007fef8860000 - 0x000007fef8863000 	F:\IDEA\IntelliJ IDEA 2019.1.3\jre64\bin\api-ms-win-crt-environment-l1-1-0.dll
0x000007fef3cf0000 - 0x000007fef3cf3000 	F:\IDEA\IntelliJ IDEA 2019.1.3\jre64\bin\api-ms-win-crt-utility-l1-1-0.dll
0x000007fee9f00000 - 0x000007feea9b6000 	F:\IDEA\IntelliJ IDEA 2019.1.3\jre64\bin\server\jvm.dll
0x000007fefd490000 - 0x000007fefd56b000 	C:\Windows\system32\ADVAPI32.dll
0x000007fefe880000 - 0x000007fefe89f000 	C:\Windows\SYSTEM32\sechost.dll
0x000007fefd250000 - 0x000007fefd37d000 	C:\Windows\system32\RPCRT4.dll
0x000007fef0fa0000 - 0x000007fef0fa9000 	C:\Windows\system32\WSOCK32.dll
0x000007feff270000 - 0x000007feff2bd000 	C:\Windows\system32\WS2_32.dll
0x000007fefd6b0000 - 0x000007fefd6b8000 	C:\Windows\system32\NSI.dll
0x000007fefa000000 - 0x000007fefa03b000 	C:\Windows\system32\WINMM.dll
0x000007fefbd90000 - 0x000007fefbd9c000 	C:\Windows\system32\VERSION.dll
0x00000000774f0000 - 0x00000000774f7000 	C:\Windows\system32\PSAPI.DLL
0x000007fef08e0000 - 0x000007fef08f1000 	F:\IDEA\IntelliJ IDEA 2019.1.3\jre64\bin\verify.dll
0x000007fefacd0000 - 0x000007fefadf5000 	C:\Windows\system32\DBGHELP.DLL
0x000007fef0550000 - 0x000007fef0579000 	F:\IDEA\IntelliJ IDEA 2019.1.3\jre64\bin\java.dll
0x000007feec7d0000 - 0x000007feec808000 	F:\IDEA\IntelliJ IDEA 2019.1.3\jre64\bin\jdwp.dll
0x000007feedb30000 - 0x000007feedb64000 	F:\IDEA\IntelliJ IDEA 2019.1.3\jre64\bin\instrument.dll
0x000007fef10e0000 - 0x000007fef10f7000 	F:\IDEA\IntelliJ IDEA 2019.1.3\jre64\bin\zip.dll
0x000007fef3b70000 - 0x000007fef3b7b000 	F:\IDEA\IntelliJ IDEA 2019.1.3\jre64\bin\jimage.dll
0x000007fefd8f0000 - 0x000007fefe67a000 	C:\Windows\system32\SHELL32.dll
0x000007fefe680000 - 0x000007fefe87f000 	C:\Windows\system32\ole32.dll
0x000007fefcea0000 - 0x000007fefceaf000 	C:\Windows\system32\profapi.dll
0x000007fef90b0000 - 0x000007fef90bb000 	F:\IDEA\IntelliJ IDEA 2019.1.3\jre64\bin\dt_socket.dll
0x000007fefc540000 - 0x000007fefc595000 	C:\Windows\system32\mswsock.dll
0x000007fefbe60000 - 0x000007fefbe67000 	C:\Windows\System32\wshtcpip.dll
0x000007fef0700000 - 0x000007fef071a000 	F:\IDEA\IntelliJ IDEA 2019.1.3\jre64\bin\net.dll
0x000007fef6220000 - 0x000007fef6291000 	C:\Windows\system32\WINHTTP.dll
0x000007fef61b0000 - 0x000007fef6215000 	C:\Windows\system32\webio.dll
0x000007fefd760000 - 0x000007fefd8e8000 	C:\Windows\system32\urlmon.dll
0x000007fefd020000 - 0x000007fefd024000 	C:\Windows\system32\api-ms-win-downlevel-ole32-l1-1-0.dll
0x000007fefcf70000 - 0x000007fefcf74000 	C:\Windows\system32\api-ms-win-downlevel-shlwapi-l1-1-0.dll
0x000007fefcf60000 - 0x000007fefcf65000 	C:\Windows\system32\api-ms-win-downlevel-advapi32-l1-1-0.dll
0x000007fefd0d0000 - 0x000007fefd0d4000 	C:\Windows\system32\api-ms-win-downlevel-user32-l1-1-0.dll
0x000007fefcfd0000 - 0x000007fefcfd4000 	C:\Windows\system32\api-ms-win-downlevel-version-l1-1-0.dll
0x000007fefcfc0000 - 0x000007fefcfc3000 	C:\Windows\system32\api-ms-win-downlevel-normaliz-l1-1-0.dll
0x00000000774e0000 - 0x00000000774e3000 	C:\Windows\system32\normaliz.DLL
0x000007feff360000 - 0x000007feff62a000 	C:\Windows\system32\iertutil.dll
0x000007fefe8a0000 - 0x000007fefed4c000 	C:\Windows\system32\WININET.dll
0x000007fefcfa0000 - 0x000007fefcfbe000 	C:\Windows\system32\USERENV.dll
0x000007fefc530000 - 0x000007fefc537000 	C:\Windows\System32\wship6.dll
0x000007feee260000 - 0x000007feee274000 	F:\IDEA\IntelliJ IDEA 2019.1.3\jre64\bin\nio.dll
0x000007fef3c50000 - 0x000007fef3c5a000 	F:\IDEA\IntelliJ IDEA 2019.1.3\jre64\bin\management.dll
0x000007fef1310000 - 0x000007fef131c000 	F:\IDEA\IntelliJ IDEA 2019.1.3\jre64\bin\management_ext.dll
0x000007fefac60000 - 0x000007fefac75000 	C:\Windows\system32\NLAapi.dll
0x000007fef58f0000 - 0x000007fef5905000 	C:\Windows\system32\napinsp.dll
0x000007fef58d0000 - 0x000007fef58e9000 	C:\Windows\system32\pnrpnsp.dll
0x000007fefc3c0000 - 0x000007fefc41b000 	C:\Windows\system32\DNSAPI.dll
0x000007fef58c0000 - 0x000007fef58cb000 	C:\Windows\System32\winrnr.dll
0x000007fef9e00000 - 0x000007fef9e27000 	C:\Windows\system32\IPHLPAPI.DLL
0x000007fef9de0000 - 0x000007fef9deb000 	C:\Windows\system32\WINNSI.DLL
0x000007fef6bb0000 - 0x000007fef6bb8000 	C:\Windows\system32\rasadhlp.dll
0x000007fef9ab0000 - 0x000007fef9b03000 	C:\Windows\System32\fwpuclnt.dll
0x000007fefc7e0000 - 0x000007fefc7f8000 	C:\Windows\system32\CRYPTSP.dll
0x000007fefc2a0000 - 0x000007fefc2e7000 	C:\Windows\system32\rsaenh.dll
0x000007fefccc0000 - 0x000007fefcccf000 	C:\Windows\system32\CRYPTBASE.dll
0x000007fef9a10000 - 0x000007fef9a21000 	C:\Windows\system32\dhcpcsvc6.DLL
0x000007fef99f0000 - 0x000007fef9a08000 	C:\Windows\system32\dhcpcsvc.DLL

dbghelp: loaded successfully - version: 4.0.5 - missing functions: none
symbol engine: initialized successfully - sym options: 0x614 - pdb path: .;F:\IDEA\IntelliJ IDEA 2019.1.3\jre64\bin;C:\Windows\SYSTEM32;C:\Windows\WinSxS\amd64_microsoft.windows.common-controls_6595b64144ccf1df_6.0.7601.18837_none_fa3b1e3d17594757;F:\IDEA\IntelliJ IDEA 2019.1.3\jre64\bin\server

VM Arguments:
jvm_args: -agentlib:jdwp=transport=dt_socket,address=127.0.0.1:59166,suspend=y,server=n -javaagent:C:\Users\Administrator\.IntelliJIdea2019.1\system\captureAgent\debugger-agent.jar -Dfile.encoding=UTF-8 
java_command: com.miaoshaaproject.App
java_class_path (initial): C:\Users\Administrator\IdeaProjects\miaoshaa\target\classes;C:\Users\Administrator\.m2\repository\org\springframework\boot\spring-boot-starter-web\2.1.4.RELEASE\spring-boot-starter-web-2.1.4.RELEASE.jar;C:\Users\Administrator\.m2\repository\org\springframework\boot\spring-boot-starter\2.1.4.RELEASE\spring-boot-starter-2.1.4.RELEASE.jar;C:\Users\Administrator\.m2\repository\org\springframework\boot\spring-boot\2.1.4.RELEASE\spring-boot-2.1.4.RELEASE.jar;C:\Users\Administrator\.m2\repository\org\springframework\boot\spring-boot-autoconfigure\2.1.4.RELEASE\spring-boot-autoconfigure-2.1.4.RELEASE.jar;C:\Users\Administrator\.m2\repository\org\springframework\boot\spring-boot-starter-logging\2.1.4.RELEASE\spring-boot-starter-logging-2.1.4.RELEASE.jar;C:\Users\Administrator\.m2\repository\ch\qos\logback\logback-classic\1.2.3\logback-classic-1.2.3.jar;C:\Users\Administrator\.m2\repository\ch\qos\logback\logback-core\1.2.3\logback-core-1.2.3.jar;C:\Users\Administrator\.m2\repository\org\apache\logging\log4j\log4j-to-slf4j\2.11.2\log4j-to-slf4j-2.11.2.jar;C:\Users\Administrator\.m2\repository\org\apache\logging\log4j\log4j-api\2.11.2\log4j-api-2.11.2.jar;C:\Users\Administrator\.m2\repository\org\slf4j\jul-to-slf4j\1.7.26\jul-to-slf4j-1.7.26.jar;C:\Users\Administrator\.m2\repository\javax\annotation\javax.annotation-api\1.3.2\javax.annotation-api-1.3.2.jar;C:\Users\Administrator\.m2\repository\org\springframework\spring-core\5.1.6.RELEASE\spring-core-5.1.6.RELEASE.jar;C:\Users\Administrator\.m2\repository\org\springframework\spring-jcl\5.1.6.RELEASE\spring-jcl-5.1.6.RELEASE.jar;C:\Users\Administrator\.m2\repository\org\yaml\snakeyaml\1.23\snakeyaml-1.23.jar;C:\Users\Administrator\.m2\repository\org\springframework\boot\spring-boot-starter-json\2.1.4.RELEASE\spring-boot-starter-json-2.1.4.RELEASE.jar;C:\Users\Administrator\.m2\repository\com\fasterxml\jackson\core\jackson-databind\2.9.8\jackson-databind-2.9.8.jar;C:\Users\Administrator\.m2\repositor
Launcher Type: SUN_STANDARD

[Global flags]
     intx CICompilerCount                          = 4                                         {product} {ergonomic}
     uint ConcGCThreads                            = 2                                         {product} {ergonomic}
     uint G1ConcRefinementThreads                  = 8                                         {product} {ergonomic}
   size_t G1HeapRegionSize                         = 1048576                                   {product} {ergonomic}
    uintx GCDrainStackTargetSize                   = 64                                        {product} {ergonomic}
   size_t InitialHeapSize                          = 67108864                                  {product} {ergonomic}
   size_t MarkStackSize                            = 4194304                                   {product} {ergonomic}
   size_t MaxHeapSize                              = 1056964608                                {product} {ergonomic}
   size_t MaxNewSize                               = 633339904                                 {product} {ergonomic}
   size_t MinHeapDeltaBytes                        = 1048576                                   {product} {ergonomic}
    uintx NonNMethodCodeHeapSize                   = 5835340                                {pd product} {ergonomic}
    uintx NonProfiledCodeHeapSize                  = 122911450                              {pd product} {ergonomic}
    uintx ProfiledCodeHeapSize                     = 122911450                              {pd product} {ergonomic}
    uintx ReservedCodeCacheSize                    = 251658240                              {pd product} {ergonomic}
     bool SegmentedCodeCache                       = true                                      {product} {ergonomic}
     bool UseCompressedClassPointers               = true                                 {lp64_product} {ergonomic}
     bool UseCompressedOops                        = true                                 {lp64_product} {ergonomic}
     bool UseG1GC                                  = true                                      {product} {ergonomic}
     bool UseLargePagesIndividualAllocation        = false                                  {pd product} {ergonomic}

Logging:
Log output configuration:
 #0: stdout all=warning uptime,level,tags
 #1: stderr all=off uptime,level,tags

Environment Variables:
JAVA_HOME=D:\Java\jdk1.8.0_31
CLASSPATH=.;D:\Java\jdk1.8.0_31\lib;
PATH=F:\java\jre\bin;D:\工具\mysql-8.0.11-winx64\mysql-8.0.11-winx64\bin;D:\工具\CTEX\MiKTeX\miktex\bin\
USERNAME=Administrator
OS=Windows_NT
PROCESSOR_IDENTIFIER=Intel64 Family 6 Model 94 Stepping 3, GenuineIntel



---------------  S Y S T E M  ---------------

OS: Windows 7 , 64 bit Build 7601 (6.1.7601.24354)

CPU:total 8 (initial active 8) (4 cores per cpu, 2 threads per core) family 6 model 94 stepping 3, cmov, cx8, fxsr, mmx, sse, sse2, sse3, ssse3, sse4.1, sse4.2, popcnt, avx, avx2, aes, clmul, erms, rtm, 3dnowpref, lzcnt, ht, tsc, tscinvbit, bmi1, bmi2, adx, fma

Memory: 4k page, system-wide physical 4024M (572M free)
TotalPageFile size 8047M (AvailPageFile size 1518M)
current process WorkingSet (physical memory assigned to process): 295M, peak: 295M
current process commit charge ("private bytes"): 348M, peak: 348M

vm_info: OpenJDK 64-Bit Server VM (11.0.2+9-b159.60) for windows-amd64 JRE (11.0.2+9-b159.60), built on May 17 2019 14:03:25 by "" with MS VC++ 14.0 (VS2015)

END.
